<?xml version="1.0" encoding="UTF-8"?>
<!-- Generated by org.testng.reporters.JUnitReportReporter -->
<testsuite hostname="SURAJKUMAR" failures="0" tests="1" name="com.parcer.SerlizationTest.InsideJsonObjectTest" time="0.179" errors="0" timestamp="2022-04-19T12:58:11 IST" skipped="0">
  <testcase classname="com.parcer.SerlizationTest.InsideJsonObjectTest" name="multiObjectSerlization" time="0.179"/>
  <system-out/>
</testsuite> <!-- com.parcer.SerlizationTest.InsideJsonObjectTest -->
