<?xml version="1.0" encoding="UTF-8"?>
<!-- Generated by org.testng.reporters.JUnitReportReporter -->
<testsuite hostname="SURAJKUMAR" failures="0" tests="1" name="com.TestYantra.validations.DynamicResponceValidationforPostTest" time="5.152" errors="0" timestamp="2022-04-11T19:15:02 IST" skipped="0">
  <testcase classname="com.TestYantra.validations.DynamicResponceValidationforPostTest" name="dynamicRsponceValidation" time="5.152"/>
  <system-out/>
</testsuite> <!-- com.TestYantra.validations.DynamicResponceValidationforPostTest -->
