<?xml version="1.0" encoding="UTF-8"?>
<!-- Generated by org.testng.reporters.JUnitReportReporter -->
<testsuite hostname="SURAJKUMAR" failures="0" tests="1" name="com.TestYantra.DiffWayToPostRequest.CreatingResourceUsingPojoLibraryTest" time="3.196" errors="0" timestamp="2022-04-11T19:42:05 IST" skipped="0">
  <testcase classname="com.TestYantra.DiffWayToPostRequest.CreatingResourceUsingPojoLibraryTest" name="create" time="3.196"/>
  <system-out/>
</testsuite> <!-- com.TestYantra.DiffWayToPostRequest.CreatingResourceUsingPojoLibraryTest -->
