<?xml version="1.0" encoding="UTF-8"?>
<!-- Generated by org.testng.reporters.JUnitReportReporter -->
<testsuite hostname="SURAJKUMAR" failures="0" tests="1" name="com.TestYantra.Authentication.BasicAuthenticationTest" time="4.519" errors="0" timestamp="2022-04-11T16:06:04 IST" skipped="0">
  <testcase classname="com.TestYantra.Authentication.BasicAuthenticationTest" name="basicAuth" time="4.519"/>
  <system-out/>
</testsuite> <!-- com.TestYantra.Authentication.BasicAuthenticationTest -->
