<?xml version="1.0" encoding="UTF-8"?>
<!-- Generated by org.testng.reporters.JUnitReportReporter -->
<testsuite hostname="SURAJKUMAR" failures="0" tests="1" name="com.parcer.SerlizationTest.PojoArrayLibraryTest" time="0.420" errors="0" timestamp="2022-04-19T12:54:57 IST" skipped="0">
  <testcase classname="com.parcer.SerlizationTest.PojoArrayLibraryTest" name="serlization" time="0.420"/>
  <system-out/>
</testsuite> <!-- com.parcer.SerlizationTest.PojoArrayLibraryTest -->
