<?xml version="1.0" encoding="UTF-8"?>
<!-- Generated by org.testng.reporters.JUnitReportReporter -->
<testsuite hostname="SURAJKUMAR" failures="0" tests="1" name="com.TestYantra.RequestChaining.CreateAndDeleteUserTest" time="5.255" errors="0" timestamp="2022-04-11T19:04:04 IST" skipped="0">
  <testcase classname="com.TestYantra.RequestChaining.CreateAndDeleteUserTest" name="CreateAndDeleteUser" time="5.255"/>
  <system-out/>
</testsuite> <!-- com.TestYantra.RequestChaining.CreateAndDeleteUserTest -->
