<?xml version="1.0" encoding="UTF-8"?>
<!-- Generated by org.testng.reporters.JUnitReportReporter -->
<testsuite hostname="SURAJKUMAR" failures="0" tests="1" name="com.TestYantra.practice.ResponceExtract" time="1.671" errors="0" timestamp="2022-04-11T16:49:48 IST" skipped="0">
  <testcase classname="com.TestYantra.practice.ResponceExtract" name="httpmethods" time="1.671"/>
  <system-out/>
</testsuite> <!-- com.TestYantra.practice.ResponceExtract -->
