<?xml version="1.0" encoding="UTF-8"?>
<!-- Generated by org.testng.reporters.JUnitReportReporter -->
<testsuite hostname="SURAJKUMAR" failures="0" tests="1" name="com.TestYantra.parameters.QueryParameterTest" time="3.344" errors="0" timestamp="2022-04-11T16:39:32 IST" skipped="0">
  <testcase classname="com.TestYantra.parameters.QueryParameterTest" name="quertParam" time="3.344"/>
  <system-out/>
</testsuite> <!-- com.TestYantra.parameters.QueryParameterTest -->
