<?xml version="1.0" encoding="UTF-8"?>
<!-- Generated by org.testng.reporters.JUnitReportReporter -->
<testsuite hostname="SURAJKUMAR" failures="0" tests="1" name="com.TestYantra.RequestChaining.DeleteUser_EmployeeTest" time="3.003" errors="0" timestamp="2022-04-11T19:10:11 IST" skipped="0">
  <testcase classname="com.TestYantra.RequestChaining.DeleteUser_EmployeeTest" name="deleteEmployee" time="3.003"/>
  <system-out/>
</testsuite> <!-- com.TestYantra.RequestChaining.DeleteUser_EmployeeTest -->
