<?xml version="1.0" encoding="UTF-8"?>
<!-- Generated by org.testng.reporters.JUnitReportReporter -->
<testsuite hostname="SURAJKUMAR" failures="0" tests="1" name="com.TestYantra.practice.DataVerifiedInDataBaseTest" time="3.066" errors="0" timestamp="2022-04-11T16:46:21 IST" skipped="0">
  <testcase classname="com.TestYantra.practice.DataVerifiedInDataBaseTest" name="verificationibdb" time="3.066"/>
  <system-out/>
</testsuite> <!-- com.TestYantra.practice.DataVerifiedInDataBaseTest -->
