<?xml version="1.0" encoding="UTF-8"?>
<!-- Generated by org.testng.reporters.JUnitReportReporter -->
<testsuite hostname="SURAJKUMAR" failures="0" tests="2" name="com.TestYantra.Authentication.Preemptive_Auth_Digestive_AuthTest" time="2.055" errors="0" timestamp="2022-04-11T16:16:05 IST" skipped="0">
  <testcase classname="com.TestYantra.Authentication.Preemptive_Auth_Digestive_AuthTest" name="digestiveAuth" time="1.886"/>
  <system-out/>
  <testcase classname="com.TestYantra.Authentication.Preemptive_Auth_Digestive_AuthTest" name="preemptiveAuth" time="0.169"/>
  <system-out/>
</testsuite> <!-- com.TestYantra.Authentication.Preemptive_Auth_Digestive_AuthTest -->
