<?xml version="1.0" encoding="UTF-8"?>
<!-- Generated by org.testng.reporters.JUnitReportReporter -->
<testsuite hostname="SURAJKUMAR" failures="0" tests="1" name="com.parcer.DeserlizationTest.JsonFileDeserlizationTest" time="0.945" errors="0" timestamp="2022-04-11T19:47:07 IST" skipped="0">
  <testcase classname="com.parcer.DeserlizationTest.JsonFileDeserlizationTest" name="deserlization" time="0.945"/>
  <system-out/>
</testsuite> <!-- com.parcer.DeserlizationTest.JsonFileDeserlizationTest -->
